<?xml version="1.0" encoding="UTF-8"?>
<!-- Generated by org.testng.reporters.JUnitReportReporter -->
<testsuite hostname="user" failures="0" tests="3" name="includeExclude.MyTestClass2" time="0.016" errors="0" timestamp="2022-06-23T20:55:31 IST" skipped="0">
  <testcase classname="includeExclude.MyTestClass2" name="y" time="0.002"/>
  <system-out>
    <![CDATA[b is running]]>
  </system-out>
  <testcase classname="includeExclude.MyTestClass2" name="z" time="0.001"/>
  <system-out>
    <![CDATA[v is running]]>
  </system-out>
  <testcase classname="includeExclude.MyTestClass2" name="x" time="0.013"/>
  <system-out>
    <![CDATA[d is running]]>
  </system-out>
</testsuite> <!-- includeExclude.MyTestClass2 -->
