<?xml version="1.0" encoding="UTF-8"?>
<!-- Generated by org.testng.reporters.JUnitReportReporter -->
<testsuite hostname="user" failures="0" tests="1" name="kiteTestClass.VAlidateKiteUSerID" time="5.342" errors="0" timestamp="2022-07-03T17:01:15 IST" skipped="0">
  <testcase classname="kiteTestClass.VAlidateKiteUSerID" name="validateUserid" time="5.342"/>
  <system-out/>
</testsuite> <!-- kiteTestClass.VAlidateKiteUSerID -->
