<?xml version="1.0" encoding="UTF-8"?>
<!-- Generated by org.testng.reporters.JUnitReportReporter -->
<testsuite hostname="user" failures="0" tests="1" name="testNgKeyWords.MYgroupingClass2" time="0.003" errors="0" timestamp="2022-06-27T13:28:13 IST" skipped="0">
  <testcase classname="testNgKeyWords.MYgroupingClass2" name="p" time="0.003"/>
  <system-out>
    <![CDATA[P is running Sanity]]>
  </system-out>
</testsuite> <!-- testNgKeyWords.MYgroupingClass2 -->
