<?xml version="1.0" encoding="UTF-8"?>
<!-- Generated by org.testng.reporters.JUnitReportReporter -->
<testsuite hostname="user" failures="0" tests="3" name="testNgKeyWords.InvocationCount" time="0.017" errors="0" timestamp="2022-06-22T17:57:15 IST" skipped="0">
  <testcase classname="testNgKeyWords.InvocationCount" name="myTest" time="0.011"/>
  <system-out>
    <![CDATA[hi]]>
  </system-out>
  <testcase classname="testNgKeyWords.InvocationCount" name="myTest" time="0.004"/>
  <system-out>
    <![CDATA[hi]]>
  </system-out>
  <testcase classname="testNgKeyWords.InvocationCount" name="myTest" time="0.002"/>
  <system-out>
    <![CDATA[hi]]>
  </system-out>
</testsuite> <!-- testNgKeyWords.InvocationCount -->
