<?xml version="1.0" encoding="UTF-8"?>
<!-- Generated by org.testng.reporters.JUnitReportReporter -->
<testsuite hostname="user" failures="0" tests="1" name="parallelAndSerialExecution.myClass1" time="10.305" errors="0" timestamp="2022-06-27T19:33:58 IST" skipped="0">
  <testcase classname="parallelAndSerialExecution.myClass1" name="myMethod" time="10.305"/>
  <system-out/>
</testsuite> <!-- parallelAndSerialExecution.myClass1 -->
