<?xml version="1.0" encoding="UTF-8"?>
<!-- Generated by org.testng.reporters.JUnitReportReporter -->
<testsuite hostname="user" failures="0" tests="2" name="testNgCrossBrowser.CrossBrowserTest" time="32.774" errors="0" timestamp="2022-07-04T15:08:36 IST" skipped="0">
  <testcase classname="testNgCrossBrowser.CrossBrowserTest" name="myTest" time="15.135"/>
  <system-out/>
  <testcase classname="testNgCrossBrowser.CrossBrowserTest" name="myTest" time="17.639"/>
  <system-out/>
</testsuite> <!-- testNgCrossBrowser.CrossBrowserTest -->
