<?xml version="1.0" encoding="UTF-8"?>
<!-- Generated by org.testng.reporters.JUnitReportReporter -->
<testsuite hostname="user" failures="0" tests="1" name="testNgKeyWords.MYgroupingClass1" time="0.013" errors="0" timestamp="2022-06-27T19:08:17 IST" skipped="0">
  <testcase classname="testNgKeyWords.MYgroupingClass1" name="a" time="0.013"/>
  <system-out>
    <![CDATA[A is running]]>
  </system-out>
</testsuite> <!-- testNgKeyWords.MYgroupingClass1 -->
