<?xml version="1.0" encoding="UTF-8"?>
<!-- Generated by org.testng.reporters.JUnitReportReporter -->
<testsuite hostname="user" failures="0" tests="1" name="testNgSelf.Practice" time="0.004" errors="0" timestamp="2022-06-27T11:24:55 IST" skipped="0">
  <testcase classname="testNgSelf.Practice" name="a" time="0.004"/>
  <system-out/>
</testsuite> <!-- testNgSelf.Practice -->
