<?xml version="1.0" encoding="UTF-8"?>
<!-- Generated by org.testng.reporters.JUnitReportReporter -->
<testsuite hostname="user" failures="0" tests="2" name="includeExclude.MyTestClass" time="0.010" errors="0" timestamp="2022-06-27T13:08:32 IST" skipped="0">
  <testcase classname="includeExclude.MyTestClass" name="v" time="0.001"/>
  <system-out>
    <![CDATA[v is running]]>
  </system-out>
  <testcase classname="includeExclude.MyTestClass" name="d" time="0.009"/>
  <system-out>
    <![CDATA[d is running]]>
  </system-out>
</testsuite> <!-- includeExclude.MyTestClass -->
