<?xml version="1.0" encoding="UTF-8"?>
<!-- Generated by org.testng.reporters.JUnitReportReporter -->
<testsuite hostname="user" failures="0" tests="2" name="testNgStudy.myClass" time="28.858" errors="0" timestamp="2022-06-27T11:27:59 IST" skipped="0">
  <testcase classname="testNgStudy.myClass" name="myMethod1" time="13.219"/>
  <system-out/>
  <testcase classname="testNgStudy.myClass" name="myMethod" time="15.639"/>
  <system-out>
    <![CDATA[hi method is running this is reporter output
hi method is running this is reporter output true]]>
  </system-out>
</testsuite> <!-- testNgStudy.myClass -->
