<?xml version="1.0" encoding="UTF-8"?>
<!-- Generated by org.testng.reporters.JUnitReportReporter -->
<testsuite hostname="user" failures="0" tests="1" name="testNgCrossBrowser.FireFoxTest" time="24.107" errors="0" timestamp="2022-06-29T17:48:00 IST" skipped="0">
  <testcase classname="testNgCrossBrowser.FireFoxTest" name="myMethod" time="24.107"/>
  <system-out/>
</testsuite> <!-- testNgCrossBrowser.FireFoxTest -->
