<?xml version="1.0" encoding="UTF-8"?>
<!-- Generated by org.testng.reporters.JUnitReportReporter -->
<testsuite hostname="user" failures="0" tests="3" name="testNgKeyWords.EnableUse" time="0.015" errors="0" timestamp="2022-06-23T18:52:37 IST" skipped="1">
  <testcase classname="testNgKeyWords.EnableUse" name="d" time="0.013"/>
  <system-out>
    <![CDATA[d is running]]>
  </system-out>
  <testcase classname="testNgKeyWords.EnableUse" name="v" time="0.002"/>
  <system-out>
    <![CDATA[v is running]]>
  </system-out>
  <testcase classname="testNgKeyWords.EnableUse" name="b">
    <skipped/>
  </testcase> <!-- b -->
  <system-out/>
</testsuite> <!-- testNgKeyWords.EnableUse -->
