<?xml version="1.0" encoding="UTF-8"?>
<!-- Generated by org.testng.reporters.JUnitReportReporter -->
<testsuite hostname="user" failures="0" tests="2" name="testNgStudy.AnnoTationStudy" time="0.004" errors="0" timestamp="2022-06-27T12:51:04 IST" skipped="0">
  <testcase classname="testNgStudy.AnnoTationStudy" name="validateUserID" time="0.001"/>
  <system-out>
    <![CDATA[User ID validate]]>
  </system-out>
  <testcase classname="testNgStudy.AnnoTationStudy" name="validateDashboard" time="0.003"/>
  <system-out>
    <![CDATA[Dashboard validate]]>
  </system-out>
</testsuite> <!-- testNgStudy.AnnoTationStudy -->
