<?xml version="1.0" encoding="UTF-8"?>
<!-- Generated by org.testng.reporters.JUnitReportReporter -->
<testsuite hostname="user" failures="0" tests="1" name="parallelAndSerialExecution.myClass2" time="14.416" errors="0" timestamp="2022-06-27T19:33:58 IST" skipped="0">
  <testcase classname="parallelAndSerialExecution.myClass2" name="myMethod" time="14.416"/>
  <system-out/>
</testsuite> <!-- parallelAndSerialExecution.myClass2 -->
