<?xml version="1.0" encoding="UTF-8"?>
<!-- Generated by org.testng.reporters.JUnitReportReporter -->
<testsuite hostname="user" failures="0" tests="1" name="verificationUsingTestNg.VerifiedRadioButton" time="15.080" errors="0" timestamp="2022-06-28T14:32:43 IST" skipped="0">
  <testcase classname="verificationUsingTestNg.VerifiedRadioButton" name="myMethod" time="15.080"/>
  <system-out/>
</testsuite> <!-- verificationUsingTestNg.VerifiedRadioButton -->
