<?xml version="1.0" encoding="UTF-8"?>
<!-- Generated by org.testng.reporters.JUnitReportReporter -->
<testsuite hostname="user" failures="0" tests="3" name="testNgKeyWords.PriorityUse" time="0.021" errors="0" timestamp="2022-06-23T18:42:32 IST" skipped="0">
  <testcase classname="testNgKeyWords.PriorityUse" name="d" time="0.018"/>
  <system-out>
    <![CDATA[d is running]]>
  </system-out>
  <testcase classname="testNgKeyWords.PriorityUse" name="v" time="0.002"/>
  <system-out>
    <![CDATA[v is running]]>
  </system-out>
  <testcase classname="testNgKeyWords.PriorityUse" name="b" time="0.001"/>
  <system-out>
    <![CDATA[b is running]]>
  </system-out>
</testsuite> <!-- testNgKeyWords.PriorityUse -->
