<?xml version="1.0" encoding="UTF-8"?>
<!-- Generated by org.testng.reporters.JUnitReportReporter -->
<testsuite hostname="user" failures="0" tests="1" name="testNgStudy.AnnoTationStudyTest" time="0.006" errors="0" timestamp="2022-06-27T12:51:04 IST" skipped="0">
  <testcase classname="testNgStudy.AnnoTationStudyTest" name="Recharge" time="0.006"/>
  <system-out>
    <![CDATA[Recharge done...]]>
  </system-out>
</testsuite> <!-- testNgStudy.AnnoTationStudyTest -->
