<?xml version="1.0" encoding="UTF-8"?>
<!-- Generated by org.testng.reporters.JUnitReportReporter -->
<testsuite hostname="user" failures="0" tests="1" name="kitePOMByTestNg.validateKiteUserName" time="7.928" errors="0" timestamp="2022-06-30T17:09:03 IST" skipped="0">
  <testcase classname="kitePOMByTestNg.validateKiteUserName" name="validateUsername" time="7.928"/>
  <system-out>
    <![CDATA[UN are matching TC passed]]>
  </system-out>
</testsuite> <!-- kitePOMByTestNg.validateKiteUserName -->
