<?xml version="1.0" encoding="UTF-8"?>
<!-- Generated by org.testng.reporters.JUnitReportReporter -->
<testsuite hostname="user" failures="0" tests="1" name="verificationUsingTestNg.MultiVarification" time="0.010" errors="0" timestamp="2022-06-28T14:48:43 IST" skipped="0">
  <testcase classname="verificationUsingTestNg.MultiVarification" name="myClass" time="0.010"/>
  <system-out/>
</testsuite> <!-- verificationUsingTestNg.MultiVarification -->
